2026-03-23 12:32:56 +0000 [MT] Initial pipeline context: <IDEDistributionProcessingPipelineContext: 0x9b9e76100; archive(resolved)="<IDEArchive: 0x9bbccb4f0>", distributionTask(resolved)="2", distributionDestination(resolved)="1", distributionMethod(resolved)="<IDEDistributionMethodiOSAppStoreDistribution: 0x9bbe1c180>", team(resolved)="<IDEProvisioningBasicTeam: 0x9bbe646a0; teamID='5PY8Q784PU', teamName='(null)'>">
	Chain (15, self inclusive):
	<IDEDistributionProcessingPipelineContext: 0x9b9e76100; archive = "<IDEArchive: 0x9bbccb4f0>", distributionMethod="<IDEDistributionMethodiOSAppStoreDistribution: 0x9bbe1c180>", team="<IDEProvisioningBasicTeam: 0x9bbe646a0; teamID='5PY8Q784PU', teamName='(null)'>">
	<IDEDistributionProcessingPipelineContext: 0x9b9e76400; archive = "<IDEArchive: 0x9bbccb4f0>", distributionMethod="<IDEDistributionMethodiOSAppStoreDistribution: 0x9bbe1c180>", team="<IDEProvisioningBasicTeam: 0x9bbe646a0; teamID='5PY8Q784PU', teamName='(null)'>">
	<IDEDistributionContext: 0x9bbdc2d00; archive = "<IDEArchive: 0x9bbccb4f0>", distributionMethod="<IDEDistributionMethodiOSAppStoreDistribution: 0x9bbe1c180>", team="<IDEProvisioningBasicTeam: 0x9bbe646a0; teamID='5PY8Q784PU', teamName='(null)'>">
	<IDEDistributionContext: 0x9bbdc2a80; archive = "<IDEArchive: 0x9bbccb4f0>", distributionMethod="<IDEDistributionMethodiOSAppStoreDistribution: 0x9bbe1c180>", team="<IDEProvisioningBasicTeam: 0x9bbe646a0; teamID='5PY8Q784PU', teamName='(null)'>">
	<IDEDistributionContext: 0x9bbdc2800; archive = "<IDEArchive: 0x9bbccb4f0>", distributionMethod="<IDEDistributionMethodiOSAppStoreDistribution: 0x9bbe1c180>", team="<IDEProvisioningBasicTeam: 0x9bbe646a0; teamID='5PY8Q784PU', teamName='(null)'>">
	<IDEDistributionContext: 0x9bbdc2580; archive = "<IDEArchive: 0x9bbccb4f0>", distributionMethod="<IDEDistributionMethodiOSAppStoreDistribution: 0x9bbe1c180>", team="<IDEProvisioningBasicTeam: 0x9bbe646a0; teamID='5PY8Q784PU', teamName='(null)'>">
	<IDEDistributionContext: 0x9bbdc2300; archive = "<IDEArchive: 0x9bbccb4f0>", distributionMethod="<IDEDistributionMethodiOSAppStoreDistribution: 0x9bbe1c180>", team="<IDEProvisioningBasicTeam: 0x9bbe646a0; teamID='5PY8Q784PU', teamName='(null)'>">
	<IDEDistributionContext: 0x9bbdc2080; archive = "<IDEArchive: 0x9bbccb4f0>", distributionMethod="<IDEDistributionMethodiOSAppStoreDistribution: 0x9bbe1c180>", team="<IDEProvisioningBasicTeam: 0x9bbe646a0; teamID='5PY8Q784PU', teamName='(null)'>">
	<IDEDistributionContext: 0x9bbdc1e00; archive = "<IDEArchive: 0x9bbccb4f0>", distributionMethod="<IDEDistributionMethodiOSAppStoreDistribution: 0x9bbe1c180>", team="<IDEProvisioningBasicTeam: 0x9bbe646a0; teamID='5PY8Q784PU', teamName='(null)'>">
	<IDEDistributionContext: 0x9bbdc0a00; archive = "<IDEArchive: 0x9bbccb4f0>", distributionMethod="<IDEDistributionMethodiOSAppStoreDistribution: 0x9bbe1c180>", team="<IDEProvisioningBasicTeam: 0x9bbe646a0; teamID='5PY8Q784PU', teamName='(null)'>">
	<IDEDistributionContext: 0x9bbdc0780; archive = "<IDEArchive: 0x9bbccb4f0>", distributionMethod="<IDEDistributionMethodiOSAppStoreDistribution: 0x9bbe1c180>", team="<IDEProvisioningBasicTeam: 0x9bbe646a0; teamID='5PY8Q784PU', teamName='(null)'>">
	<IDEDistributionContext: 0x9bbdc0500; archive = "<IDEArchive: 0x9bbccb4f0>", distributionMethod="<IDEDistributionMethodiOSAppStoreDistribution: 0x9bbe1c180>", team="<IDEProvisioningBasicTeam: 0x9bbe646a0; teamID='5PY8Q784PU', teamName='(null)'>">
	<IDEDistributionContext: 0x9bbdc0280; archive = "<IDEArchive: 0x9bbccb4f0>", distributionMethod="<IDEDistributionMethodiOSAppStoreDistribution: 0x9bbe1c180>", team="(null)">
	<IDEDistributionContext: 0x9bbdc0000; archive = "<IDEArchive: 0x9bbccb4f0>", distributionMethod="<IDEDistributionMethodiOSAppStoreDistribution: 0x9bbe1c180>", team="(null)">
	<IDEDistributionContext: 0x101006630; archive = "<IDEArchive: 0x9bbccb4f0>", distributionMethod="(null)", team="(null)">
</IDEDistributionProcessingPipelineContext: 0x9b9e76100>
2026-03-23 12:32:56 +0000 [MT] Processing step: IDEDistributionCreateDestRootStep
2026-03-23 12:32:56 +0000 [MT] Processing step: IDEDistributionCopyItemStep
2026-03-23 12:32:56 +0000 [MT] Running /usr/bin/ditto '-V' '/Users/oguzgul/Desktop/FreshTrack_App/build/FreshTrack.xcarchive/Products/Applications/FreshTrack.app' '/var/folders/dm/yw_1h0055px_lfxq_j4xs2680000gn/T/XcodeDistPipeline.~~~XtFxfR/Root/Payload/FreshTrack.app'
2026-03-23 12:32:56 +0000  >>> Copying /Users/oguzgul/Desktop/FreshTrack_App/build/FreshTrack.xcarchive/Products/Applications/FreshTrack.app 
2026-03-23 12:32:56 +0000  copying file ./_CodeSignature/CodeResources ... 
2026-03-23 12:32:56 +0000  3477 bytes for ./_CodeSignature/CodeResources
2026-03-23 12:32:56 +0000  copying file ./en.lproj/Localizable.strings ... 
2026-03-23 12:32:56 +0000  252 bytes for ./en.lproj/Localizable.strings
2026-03-23 12:32:56 +0000  copying file ./FreshTrack ... 
2026-03-23 12:32:56 +0000  416352 bytes for ./FreshTrack
2026-03-23 12:32:56 +0000  copying file ./AppIcon60x60@2x.png ... 
2026-03-23 12:32:56 +0000  353 bytes for ./AppIcon60x60@2x.png
2026-03-23 12:32:56 +0000  copying file ./Assets.car ... 
2026-03-23 12:32:56 +0000  34248 bytes for ./Assets.car
2026-03-23 12:32:56 +0000  copying file ./tr.lproj/Localizable.strings ... 
2026-03-23 12:32:56 +0000  3330 bytes for ./tr.lproj/Localizable.strings
2026-03-23 12:32:56 +0000  copying file ./AppIcon76x76@2x~ipad.png ... 
2026-03-23 12:32:56 +0000  444 bytes for ./AppIcon76x76@2x~ipad.png
2026-03-23 12:32:56 +0000  copying file ./embedded.mobileprovision ... 
2026-03-23 12:32:56 +0000  12115 bytes for ./embedded.mobileprovision
2026-03-23 12:32:56 +0000  copying file ./Info.plist ... 
2026-03-23 12:32:56 +0000  1440 bytes for ./Info.plist
2026-03-23 12:32:56 +0000  copying file ./PkgInfo ... 
2026-03-23 12:32:56 +0000  8 bytes for ./PkgInfo
2026-03-23 12:32:56 +0000 [MT] /usr/bin/ditto exited with 0
2026-03-23 12:32:56 +0000 [MT] Processing step: IDEDistributionEmbedProfileStep
2026-03-23 12:32:56 +0000 [MT] Processing step: IDEDistributionInfoPlistStep
2026-03-23 12:32:56 +0000 [MT] Skipping setting DTXcodeBuildDistribution because toolsBuildVersionName was nil.
2026-03-23 12:32:56 +0000 [MT] Processing step: IDEDistributionItemRemovalStep
2026-03-23 12:32:56 +0000 [MT] Processing step: IDEDistributionAppThinningPlistStep
2026-03-23 12:32:56 +0000 [MT] Skipping step: IDEDistributionAppThinningPlistStep because it said so
2026-03-23 12:32:56 +0000 [MT] Processing step: IDEDistributionSymbolsStep
2026-03-23 12:32:56 +0000 [MT] Writing /var/folders/dm/yw_1h0055px_lfxq_j4xs2680000gn/T/XcodeDistPipeline.~~~XtFxfR/Symbols/305620C5-2B2F-30CB-B354-379D4DCF46D1.symbols
2026-03-23 12:32:56 +0000 [MT] Processing step: IDEDistributionCopyAppleProvidedContentStep
2026-03-23 12:32:56 +0000 [MT] Processing step: IDEDistributionAppThinningStep
2026-03-23 12:32:56 +0000 [MT] Skipping step: IDEDistributionAppThinningStep because it said so
2026-03-23 12:32:56 +0000 [MT] Processing step: IDEDistributionArchThinningStep
2026-03-23 12:32:56 +0000 [MT] Archs to thin for item /Users/oguzgul/Desktop/FreshTrack_App/build/FreshTrack.xcarchive/Products/Applications/FreshTrack.app are []
2026-03-23 12:32:56 +0000 [MT] Processing step: IDEDistributionODRStep
2026-03-23 12:32:56 +0000 [MT] Processing step: IDEDistributionStripXattrsStep
2026-03-23 12:32:56 +0000 [MT] Skipping stripping extended attributes because the codesign step will strip them.
2026-03-23 12:32:56 +0000 [MT] Processing step: IDEDistributionCodesignStep
2026-03-23 12:32:56 +0000 [MT] Entitlements for <IDEDistributionItem: 0x9bbd69860; bundleID='com.oguzgul.freshtrack', path='<DVTFilePath:0x9bbd0bb40:'/Users/oguzgul/Desktop/FreshTrack_App/build/FreshTrack.xcarchive/Products/Applications/FreshTrack.app'>', codeSigningInfo='<_DVTCodeSigningInformation_Path: 0x9bbd69800; isSigned='1', isAdHocSigned='0', signingCertificate='<DVTSigningCertificate: 0x9bbc67900; name='Apple Distribution: Oğuz GÜL (5PY8Q784PU)', hash='2BECE48D54D88C88A4F8285431FA49CBAB5908B0', serialNumber='6F68290AC3665F338FB7E2DA7EA27089', certificateKinds='(
    "1.2.840.113635.100.6.1.7",
    "1.2.840.113635.100.6.1.4"
), issueDate='2026-02-23 08:27:47 +0000''>', entitlements='{
    "application-identifier" = "5PY8Q784PU.com.oguzgul.freshtrack";
    "beta-reports-active" = 1;
    "com.apple.developer.team-identifier" = 5PY8Q784PU;
    "get-task-allow" = 0;
}', teamID='5PY8Q784PU', identifier='com.oguzgul.freshtrack', executablePath='<DVTFilePath:0x9bbd68e40:'/Users/oguzgul/Desktop/FreshTrack_App/build/FreshTrack.xcarchive/Products/Applications/FreshTrack.app/FreshTrack'>', hardenedRuntime='0'>'>: {
    "application-identifier" = "5PY8Q784PU.com.oguzgul.freshtrack";
    "beta-reports-active" = 1;
    "com.apple.developer.team-identifier" = 5PY8Q784PU;
    "get-task-allow" = 0;
}
2026-03-23 12:32:56 +0000 [MT] Associated App Clip Identifiers Filter: Skipping because "com.apple.developer.associated-appclip-app-identifiers" is not present
2026-03-23 12:32:56 +0000 [MT] Entitlements for <IDEDistributionItem: 0x9bbd69860; bundleID='com.oguzgul.freshtrack', path='<DVTFilePath:0x9bbd0bb40:'/Users/oguzgul/Desktop/FreshTrack_App/build/FreshTrack.xcarchive/Products/Applications/FreshTrack.app'>', codeSigningInfo='<_DVTCodeSigningInformation_Path: 0x9bbd69800; isSigned='1', isAdHocSigned='0', signingCertificate='<DVTSigningCertificate: 0x9bbc67840; name='Apple Distribution: Oğuz GÜL (5PY8Q784PU)', hash='2BECE48D54D88C88A4F8285431FA49CBAB5908B0', serialNumber='6F68290AC3665F338FB7E2DA7EA27089', certificateKinds='(
    "1.2.840.113635.100.6.1.7",
    "1.2.840.113635.100.6.1.4"
), issueDate='2026-02-23 08:27:47 +0000''>', entitlements='{
    "application-identifier" = "5PY8Q784PU.com.oguzgul.freshtrack";
    "beta-reports-active" = 1;
    "com.apple.developer.team-identifier" = 5PY8Q784PU;
    "get-task-allow" = 0;
}', teamID='5PY8Q784PU', identifier='com.oguzgul.freshtrack', executablePath='<DVTFilePath:0x9bbd68e40:'/Users/oguzgul/Desktop/FreshTrack_App/build/FreshTrack.xcarchive/Products/Applications/FreshTrack.app/FreshTrack'>', hardenedRuntime='0'>'> are: {
    "application-identifier" = "5PY8Q784PU.com.oguzgul.freshtrack";
    "beta-reports-active" = 1;
    "com.apple.developer.team-identifier" = 5PY8Q784PU;
    "get-task-allow" = 0;
}
2026-03-23 12:32:56 +0000 [MT] Writing entitlements for <IDEDistributionItem: 0x9bbd69860; bundleID='com.oguzgul.freshtrack', path='<DVTFilePath:0x9bbd0bb40:'/Users/oguzgul/Desktop/FreshTrack_App/build/FreshTrack.xcarchive/Products/Applications/FreshTrack.app'>', codeSigningInfo='<_DVTCodeSigningInformation_Path: 0x9bbd69800; isSigned='1', isAdHocSigned='0', signingCertificate='<DVTSigningCertificate: 0x9bbc67840; name='Apple Distribution: Oğuz GÜL (5PY8Q784PU)', hash='2BECE48D54D88C88A4F8285431FA49CBAB5908B0', serialNumber='6F68290AC3665F338FB7E2DA7EA27089', certificateKinds='(
    "1.2.840.113635.100.6.1.7",
    "1.2.840.113635.100.6.1.4"
), issueDate='2026-02-23 08:27:47 +0000''>', entitlements='{
    "application-identifier" = "5PY8Q784PU.com.oguzgul.freshtrack";
    "beta-reports-active" = 1;
    "com.apple.developer.team-identifier" = 5PY8Q784PU;
    "get-task-allow" = 0;
}', teamID='5PY8Q784PU', identifier='com.oguzgul.freshtrack', executablePath='<DVTFilePath:0x9bbd68e40:'/Users/oguzgul/Desktop/FreshTrack_App/build/FreshTrack.xcarchive/Products/Applications/FreshTrack.app/FreshTrack'>', hardenedRuntime='0'>'> to: /var/folders/dm/yw_1h0055px_lfxq_j4xs2680000gn/T/XcodeDistPipeline.~~~XtFxfR/entitlements~~~pUkrOo
2026-03-23 12:32:56 +0000 [MT] invoking codesign: <NSConcreteTask: 0x9bc0e35c0; launchPath='/usr/bin/codesign', arguments='(
    "-f",
    "-s",
    2BECE48D54D88C88A4F8285431FA49CBAB5908B0,
    "--entitlements",
    "/var/folders/dm/yw_1h0055px_lfxq_j4xs2680000gn/T/XcodeDistPipeline.~~~XtFxfR/entitlements~~~pUkrOo",
    "--preserve-metadata=identifier,flags,runtime,launch-constraints,library-constraints",
    "--generate-entitlement-der",
    "--strip-disallowed-xattrs",
    "-vvv",
    "/var/folders/dm/yw_1h0055px_lfxq_j4xs2680000gn/T/XcodeDistPipeline.~~~XtFxfR/Root/Payload/FreshTrack.app"
)'>
2026-03-23 12:32:56 +0000 [MT] codesign output: /var/folders/dm/yw_1h0055px_lfxq_j4xs2680000gn/T/XcodeDistPipeline.~~~XtFxfR/Root/Payload/FreshTrack.app: replacing existing signature
/var/folders/dm/yw_1h0055px_lfxq_j4xs2680000gn/T/XcodeDistPipeline.~~~XtFxfR/Root/Payload/FreshTrack.app: signed app bundle with Mach-O thin (arm64) [com.oguzgul.freshtrack]
2026-03-23 12:32:56 +0000 [MT] Processing step: IDEDistributionZipODRItemStep
2026-03-23 12:32:56 +0000 [MT] Skipping step: IDEDistributionZipODRItemStep because it said so
2026-03-23 12:32:56 +0000 [MT] Processing step: IDEDistributionCreateIPAStep
2026-03-23 12:32:56 +0000 [MT] Running /usr/bin/rsync '-8aPhhE' '/var/folders/dm/yw_1h0055px_lfxq_j4xs2680000gn/T/XcodeDistPipeline.~~~XtFxfR/Symbols' '--link-dest' '/var/folders/dm/yw_1h0055px_lfxq_j4xs2680000gn/T/XcodeDistPipeline.~~~XtFxfR' '/var/folders/dm/yw_1h0055px_lfxq_j4xs2680000gn/T/XcodeDistPipeline.~~~XtFxfR/Root'
2026-03-23 12:32:56 +0000  Symbols/
Symbols/305620C5-2B2F-30CB-B354-379D4DCF46D1.symbols
2026-03-23 12:32:56 +0000 [MT] /usr/bin/rsync exited with 0
2026-03-23 12:32:56 +0000 [MT] Running /usr/bin/ditto '-V' '-c' '-k' '--norsrc' '/var/folders/dm/yw_1h0055px_lfxq_j4xs2680000gn/T/XcodeDistPipeline.~~~XtFxfR/Root' '/var/folders/dm/yw_1h0055px_lfxq_j4xs2680000gn/T/XcodeDistPipeline.~~~XtFxfR/Packages/FreshTrack.ipa'
2026-03-23 12:32:56 +0000  >>> Copying /var/folders/dm/yw_1h0055px_lfxq_j4xs2680000gn/T/XcodeDistPipeline.~~~XtFxfR/Root 
2026-03-23 12:32:56 +0000  copying file ./Payload/FreshTrack.app/_CodeSignature/CodeResources ... 
2026-03-23 12:32:56 +0000  3477 bytes for ./Payload/FreshTrack.app/_CodeSignature/CodeResources
2026-03-23 12:32:56 +0000  copying file ./Payload/FreshTrack.app/en.lproj/Localizable.strings ... 
2026-03-23 12:32:56 +0000  252 bytes for ./Payload/FreshTrack.app/en.lproj/Localizable.strings
2026-03-23 12:32:56 +0000  copying file ./Payload/FreshTrack.app/FreshTrack ... 
2026-03-23 12:32:56 +0000  416352 bytes for ./Payload/FreshTrack.app/FreshTrack
2026-03-23 12:32:56 +0000  copying file ./Payload/FreshTrack.app/AppIcon60x60@2x.png ... 
2026-03-23 12:32:56 +0000  353 bytes for ./Payload/FreshTrack.app/AppIcon60x60@2x.png
copying file ./Payload/FreshTrack.app/Assets.car ... 
2026-03-23 12:32:56 +0000  34248 bytes for ./Payload/FreshTrack.app/Assets.car
2026-03-23 12:32:56 +0000  copying file ./Payload/FreshTrack.app/tr.lproj/Localizable.strings ... 
2026-03-23 12:32:56 +0000  3330 bytes for ./Payload/FreshTrack.app/tr.lproj/Localizable.strings
2026-03-23 12:32:56 +0000  copying file ./Payload/FreshTrack.app/AppIcon76x76@2x~ipad.png ... 
2026-03-23 12:32:56 +0000  444 bytes for ./Payload/FreshTrack.app/AppIcon76x76@2x~ipad.png
2026-03-23 12:32:56 +0000  copying file ./Payload/FreshTrack.app/embedded.mobileprovision ... 
2026-03-23 12:32:56 +0000  12115 bytes for ./Payload/FreshTrack.app/embedded.mobileprovision
2026-03-23 12:32:56 +0000  copying file ./Payload/FreshTrack.app/Info.plist ... 
2026-03-23 12:32:56 +0000  1440 bytes for ./Payload/FreshTrack.app/Info.plist
2026-03-23 12:32:56 +0000  copying file ./Payload/FreshTrack.app/PkgInfo ... 
2026-03-23 12:32:56 +0000  8 bytes for ./Payload/FreshTrack.app/PkgInfo
2026-03-23 12:32:56 +0000  copying file ./Symbols/305620C5-2B2F-30CB-B354-379D4DCF46D1.symbols ... 
2026-03-23 12:32:56 +0000  875660 bytes for ./Symbols/305620C5-2B2F-30CB-B354-379D4DCF46D1.symbols
2026-03-23 12:32:56 +0000 [MT] /usr/bin/ditto exited with 0
2026-03-23 12:32:56 +0000 [MT] Processing step: IDEDistributionAppStoreInformationStep
2026-03-23 12:32:56 +0000 [MT] Skipping step: IDEDistributionAppStoreInformationStep because it said so
2026-03-23 12:32:56 +0000 [MT] Processing step: IDEDistributionGenerateProcessedDistributionItems
2026-03-23 12:32:56 +0000 [MT] IDEDistributionItem init <DVTFilePath:0x9bbf65260:'/var/folders/dm/yw_1h0055px_lfxq_j4xs2680000gn/T/XcodeDistPipeline.~~~XtFxfR/Root/Payload/FreshTrack.app'>
2026-03-23 12:32:56 +0000 [MT] Processing step: IDEDistributionCreateManifestStep
2026-03-23 12:32:56 +0000 [MT] Skipping step: IDEDistributionCreateManifestStep because it said so
